<?xml version="1.0" encoding="UTF-8"?>
<testsuite xmlns:xsi="http://www.w3.org/2001/XMLSchema-instance" xsi:noNamespaceSchemaLocation="https://maven.apache.org/surefire/maven-surefire-plugin/xsd/surefire-test-report.xsd" version="3.0.2" name="com.substring.chat.ChatAppBackendApplicationTests" time="9.271" tests="1" errors="0" skipped="0" failures="0">
  <properties>
[...]
</properties>
  <testcase name="contextLoads" classname="com.substring.chat.ChatAppBackendApplicationTests" time="1.725">
    <system-out><![CDATA[11:30:49.803 [main] INFO org.springframework.test.context.support.AnnotationConfigContextLoaderUtils -- Could not detect default configuration classes for test class [com.substring.chat.ChatAppBackendApplicationTests]: ChatAppBackendApplicationTests does not declare any static, non-private, non-final, nested classes annotated with @Configuration.
11:30:50.081 [main] INFO org.springframework.boot.test.context.SpringBootTestContextBootstrapper -- Found @SpringBootConfiguration com.substring.chat.ChatAppBackendApplication for test class com.substring.chat.ChatAppBackendApplicationTests
11:30:50.488 [main] INFO org.springframework.boot.devtools.restart.RestartApplicationListener -- Restart disabled due to context in which it is running

  .   ____          _            __ _ _
 /\\ / ___'_ __ _ _(_)_ __  __ _ \ \ \ \
( ( )\___ | '_ | '_| | '_ \/ _` | \ \ \ \
 \\/  ___)| |_)| | | | | || (_| |  ) ) ) )
  '  |____| .__|_| |_|_| |_\__, | / / / /
 =========|_|==============|___/=/_/_/_/

 :: Spring Boot ::                (v3.4.3)

2025-03-21T11:30:51.152+05:30  INFO 25120 --- [chat-app-backend] [           main] c.s.chat.ChatAppBackendApplicationTests  : Starting ChatAppBackendApplicationTests using Java 23.0.1 with PID 25120 (started by Avani in D:\igr Notes\igr projects\Chat Application\chat-app-backend)
2025-03-21T11:30:51.154+05:30  INFO 25120 --- [chat-app-backend] [           main] c.s.chat.ChatAppBackendApplicationTests  : No active profile set, falling back to 1 default profile: "default"
2025-03-21T11:30:52.525+05:30  INFO 25120 --- [chat-app-backend] [           main] .s.d.r.c.RepositoryConfigurationDelegate : Bootstrapping Spring Data MongoDB repositories in DEFAULT mode.
2025-03-21T11:30:52.646+05:30  INFO 25120 --- [chat-app-backend] [           main] .s.d.r.c.RepositoryConfigurationDelegate : Finished Spring Data repository scanning in 103 ms. Found 1 MongoDB repository interface.
2025-03-21T11:30:53.937+05:30  INFO 25120 --- [chat-app-backend] [           main] org.mongodb.driver.client                : MongoClient with metadata {"driver": {"name": "mongo-java-driver|sync", "version": "5.2.1"}, "os": {"type": "Windows", "name": "Windows 11", "architecture": "amd64", "version": "10.0"}, "platform": "Java/Oracle Corporation/23.0.1+11-39"} created with settings MongoClientSettings{readPreference=primary, writeConcern=WriteConcern{w=majority, wTimeout=null ms, journal=null}, retryWrites=true, retryReads=true, readConcern=ReadConcern{level=null}, credential=MongoCredential{mechanism=null, userName='avanigaikwad30', source='admin', password=<hidden>, mechanismProperties=<hidden>}, transportSettings=null, commandListeners=[], codecRegistry=ProvidersCodecRegistry{codecProviders=[ValueCodecProvider{}, BsonValueCodecProvider{}, DBRefCodecProvider{}, DBObjectCodecProvider{}, DocumentCodecProvider{}, CollectionCodecProvider{}, IterableCodecProvider{}, MapCodecProvider{}, GeoJsonCodecProvider{}, GridFSFileCodecProvider{}, Jsr310CodecProvider{}, JsonObjectCodecProvider{}, BsonCodecProvider{}, EnumCodecProvider{}, com.mongodb.client.model.mql.ExpressionCodecProvider@41ef1ea2, com.mongodb.Jep395RecordCodecProvider@5dfe23e8, com.mongodb.KotlinCodecProvider@583fb274]}, loggerSettings=LoggerSettings{maxDocumentLength=1000}, clusterSettings={hosts=[127.0.0.1:27017], srvHost=chatapplication.zttz9.mongodb.net, srvServiceName=mongodb, mode=MULTIPLE, requiredClusterType=REPLICA_SET, requiredReplicaSetName='atlas-pp1rnw-shard-0', serverSelector='null', clusterListeners='[]', serverSelectionTimeout='30000 ms', localThreshold='15 ms'}, socketSettings=SocketSettings{connectTimeoutMS=10000, readTimeoutMS=0, receiveBufferSize=0, proxySettings=ProxySettings{host=null, port=null, username=null, password=null}}, heartbeatSocketSettings=SocketSettings{connectTimeoutMS=10000, readTimeoutMS=10000, receiveBufferSize=0, proxySettings=ProxySettings{host=null, port=null, username=null, password=null}}, connectionPoolSettings=ConnectionPoolSettings{maxSize=100, minSize=0, maxWaitTimeMS=120000, maxConnectionLifeTimeMS=0, maxConnectionIdleTimeMS=0, maintenanceInitialDelayMS=0, maintenanceFrequencyMS=60000, connectionPoolListeners=[], maxConnecting=2}, serverSettings=ServerSettings{heartbeatFrequencyMS=10000, minHeartbeatFrequencyMS=500, serverMonitoringMode=AUTO, serverListeners='[]', serverMonitorListeners='[]'}, sslSettings=SslSettings{enabled=true, invalidHostNameAllowed=false, context=null}, applicationName='null', compressorList=[], uuidRepresentation=UNSPECIFIED, serverApi=null, autoEncryptionSettings=null, dnsClient=null, inetAddressResolver=null, contextProvider=null, timeoutMS=null}
2025-03-21T11:30:54.133+05:30  INFO 25120 --- [chat-app-backend] [tz9.mongodb.net] org.mongodb.driver.cluster               : Adding discovered server chatapplication-shard-00-01.zttz9.mongodb.net:27017 to client view of cluster
2025-03-21T11:30:54.183+05:30  INFO 25120 --- [chat-app-backend] [tz9.mongodb.net] org.mongodb.driver.cluster               : Adding discovered server chatapplication-shard-00-00.zttz9.mongodb.net:27017 to client view of cluster
2025-03-21T11:30:54.188+05:30  INFO 25120 --- [chat-app-backend] [tz9.mongodb.net] org.mongodb.driver.cluster               : Adding discovered server chatapplication-shard-00-02.zttz9.mongodb.net:27017 to client view of cluster
2025-03-21T11:30:55.318+05:30  INFO 25120 --- [chat-app-backend] [ngodb.net:27017] org.mongodb.driver.cluster               : Monitor thread successfully connected to server with description ServerDescription{address=chatapplication-shard-00-01.zttz9.mongodb.net:27017, type=REPLICA_SET_SECONDARY, cryptd=false, state=CONNECTED, ok=true, minWireVersion=0, maxWireVersion=25, maxDocumentSize=16777216, logicalSessionTimeoutMinutes=30, roundTripTimeNanos=667151000, minRoundTripTimeNanos=0, setName='atlas-pp1rnw-shard-0', canonicalAddress=chatapplication-shard-00-01.zttz9.mongodb.net:27017, hosts=[chatapplication-shard-00-01.zttz9.mongodb.net:27017, chatapplication-shard-00-00.zttz9.mongodb.net:27017, chatapplication-shard-00-02.zttz9.mongodb.net:27017], passives=[], arbiters=[], primary='chatapplication-shard-00-02.zttz9.mongodb.net:27017', tagSet=TagSet{[Tag{name='availabilityZone', value='aps1-az3'}, Tag{name='diskState', value='READY'}, Tag{name='nodeType', value='ELECTABLE'}, Tag{name='provider', value='AWS'}, Tag{name='region', value='AP_SOUTH_1'}, Tag{name='workloadType', value='OPERATIONAL'}]}, electionId=null, setVersion=1, topologyVersion=TopologyVersion{processId=67d878856f785503d4caea8b, counter=3}, lastWriteDate=Fri Mar 21 11:30:57 IST 2025, lastUpdateTimeNanos=333556152776900}
2025-03-21T11:30:55.790+05:30  INFO 25120 --- [chat-app-backend] [ngodb.net:27017] org.mongodb.driver.cluster               : Monitor thread successfully connected to server with description ServerDescription{address=chatapplication-shard-00-00.zttz9.mongodb.net:27017, type=REPLICA_SET_SECONDARY, cryptd=false, state=CONNECTED, ok=true, minWireVersion=0, maxWireVersion=25, maxDocumentSize=16777216, logicalSessionTimeoutMinutes=30, roundTripTimeNanos=130132800, minRoundTripTimeNanos=0, setName='atlas-pp1rnw-shard-0', canonicalAddress=chatapplication-shard-00-00.zttz9.mongodb.net:27017, hosts=[chatapplication-shard-00-01.zttz9.mongodb.net:27017, chatapplication-shard-00-00.zttz9.mongodb.net:27017, chatapplication-shard-00-02.zttz9.mongodb.net:27017], passives=[], arbiters=[], primary='chatapplication-shard-00-02.zttz9.mongodb.net:27017', tagSet=TagSet{[Tag{name='availabilityZone', value='aps1-az1'}, Tag{name='diskState', value='READY'}, Tag{name='nodeType', value='ELECTABLE'}, Tag{name='provider', value='AWS'}, Tag{name='region', value='AP_SOUTH_1'}, Tag{name='workloadType', value='OPERATIONAL'}]}, electionId=null, setVersion=1, topologyVersion=TopologyVersion{processId=67d875f1aef8e74036192dc8, counter=4}, lastWriteDate=Fri Mar 21 11:30:57 IST 2025, lastUpdateTimeNanos=333556631735600}
2025-03-21T11:30:56.810+05:30  INFO 25120 --- [chat-app-backend] [ngodb.net:27017] org.mongodb.driver.cluster               : Monitor thread successfully connected to server with description ServerDescription{address=chatapplication-shard-00-02.zttz9.mongodb.net:27017, type=REPLICA_SET_PRIMARY, cryptd=false, state=CONNECTED, ok=true, minWireVersion=0, maxWireVersion=25, maxDocumentSize=16777216, logicalSessionTimeoutMinutes=30, roundTripTimeNanos=101787300, minRoundTripTimeNanos=0, setName='atlas-pp1rnw-shard-0', canonicalAddress=chatapplication-shard-00-02.zttz9.mongodb.net:27017, hosts=[chatapplication-shard-00-01.zttz9.mongodb.net:27017, chatapplication-shard-00-00.zttz9.mongodb.net:27017, chatapplication-shard-00-02.zttz9.mongodb.net:27017], passives=[], arbiters=[], primary='chatapplication-shard-00-02.zttz9.mongodb.net:27017', tagSet=TagSet{[Tag{name='availabilityZone', value='aps1-az2'}, Tag{name='diskState', value='READY'}, Tag{name='nodeType', value='ELECTABLE'}, Tag{name='provider', value='AWS'}, Tag{name='region', value='AP_SOUTH_1'}, Tag{name='workloadType', value='OPERATIONAL'}]}, electionId=7fffffff0000000000000005, setVersion=1, topologyVersion=TopologyVersion{processId=67d8774b506af658ccabb46c, counter=6}, lastWriteDate=Fri Mar 21 11:30:58 IST 2025, lastUpdateTimeNanos=333557650843700}
2025-03-21T11:30:56.812+05:30  INFO 25120 --- [chat-app-backend] [ngodb.net:27017] org.mongodb.driver.cluster               : Discovered replica set primary chatapplication-shard-00-02.zttz9.mongodb.net:27017 with max election id 7fffffff0000000000000005 and max set version 1
2025-03-21T11:30:56.894+05:30  INFO 25120 --- [chat-app-backend] [           main] o.s.m.s.b.SimpleBrokerMessageHandler     : Starting...
2025-03-21T11:30:56.897+05:30  INFO 25120 --- [chat-app-backend] [           main] o.s.m.s.b.SimpleBrokerMessageHandler     : BrokerAvailabilityEvent[available=true, SimpleBrokerMessageHandler [org.springframework.messaging.simp.broker.DefaultSubscriptionRegistry@141bb6b8]]
2025-03-21T11:30:56.898+05:30  INFO 25120 --- [chat-app-backend] [           main] o.s.m.s.b.SimpleBrokerMessageHandler     : Started.
2025-03-21T11:30:56.909+05:30  INFO 25120 --- [chat-app-backend] [           main] c.s.chat.ChatAppBackendApplicationTests  : Started ChatAppBackendApplicationTests in 6.455 seconds (process running for 8.805)
]]></system-out>
    <system-err><![CDATA[Mockito is currently self-attaching to enable the inline-mock-maker. This will no longer work in future releases of the JDK. Please add Mockito as an agent to your build what is described in Mockito's documentation: https://javadoc.io/doc/org.mockito/mockito-core/latest/org/mockito/Mockito.html#0.3
WARNING: A Java agent has been loaded dynamically (C:\Users\Avani\.m2\repository\net\bytebuddy\byte-buddy-agent\1.15.11\byte-buddy-agent-1.15.11.jar)
WARNING: If a serviceability tool is in use, please run with -XX:+EnableDynamicAgentLoading to hide this warning
WARNING: If a serviceability tool is not in use, please run with -Djdk.instrument.traceUsage for more information
WARNING: Dynamic loading of agents will be disallowed by default in a future release
]]></system-err>
  </testcase>
</testsuite>